<?xml version="1.0" encoding="UTF-8"?>
<testsuite name="CalculatorTests" tests="4" skipped="0" failures="0" errors="0" timestamp="2020-04-22T13:21:01" hostname="PC-ALPHA" time="0.002">
  <properties/>
  <testcase name="add_4_5_Solution9" classname="CalculatorTests" time="0.002"/>
  <testcase name="add_0_0_16_Solution16" classname="CalculatorTests" time="0.0"/>
  <testcase name="add_1_4_Solution5" classname="CalculatorTests" time="0.0"/>
  <testcase name="add_4_min5_SolutionMin1" classname="CalculatorTests" time="0.0"/>
  <system-out><![CDATA[]]></system-out>
  <system-err><![CDATA[]]></system-err>
</testsuite>
