<?xml version="1.0" encoding="UTF-8"?>
<testsuite name="CalculatorTests" tests="1" skipped="0" failures="0" errors="0" timestamp="2020-04-22T13:12:25" hostname="PC-ALPHA" time="0.003">
  <properties/>
  <testcase name="add_0_0_16_Solution16" classname="CalculatorTests" time="0.003"/>
  <system-out><![CDATA[]]></system-out>
  <system-err><![CDATA[]]></system-err>
</testsuite>
